<?xml version="1.0" encoding="UTF-8"?>
<!-- Generated by org.testng.reporters.JUnitXMLReporter -->
<testsuite hostname="DESKTOP-OOQ7SLD" name="Web driver University Test" tests="2" failures="1" timestamp="9 Sep 2018 21:20:58 GMT" time="33.298" errors="0">
  <testcase name="feature" time="9.541" classname="com.runners.MainRunner"/>
  <testcase name="feature" time="23.129" classname="com.runners.MainRunner">
    <failure type="cucumber.runtime.CucumberException" message="java.lang.AssertionError: Unable to wait and click on the WebElement, using locator: &amp;lt;Proxy element for: DefaultElementLocator &amp;apos;By.xpath: //button[text()=&amp;apos;Proceed&amp;apos;]5&amp;apos;&amp;gt;">
      <![CDATA[cucumber.runtime.CucumberException: java.lang.AssertionError: Unable to wait and click on the WebElement, using locator: <Proxy element for: DefaultElementLocator 'By.xpath: //button[text()='Proceed']5'>
	at cucumber.api.testng.TestNGCucumberRunner.runCucumber(TestNGCucumberRunner.java:69)
	at cucumber.api.testng.AbstractTestNGCucumberTests.feature(AbstractTestNGCucumberTests.java:21)
Caused by: java.lang.AssertionError: Unable to wait and click on the WebElement, using locator: <Proxy element for: DefaultElementLocator 'By.xpath: //button[text()='Proceed']5'>
	at org.junit.Assert.fail(Assert.java:88)
	at pageObject.BasePage.waitAndClickElement(BasePage.java:45)
	at pageObject.ProductsPage.clickonProceedButton_Popup(ProductsPage.java:25)
	at com.stepDefinitions.ProductsSteps.user_should_be_presented_with_promo_code(ProductsSteps.java:27)
	at âœ½.Then user should be presented with promo code(Products.feature:6)
... Removed 24 stack frames]]>
    </failure>
  </testcase> <!-- feature -->
</testsuite> <!-- Web driver University Test -->
