<!DOCTYPE html PUBLIC "-//W3C//DTD XHTML 1.1//EN" "http://www.w3.org/TR/xhtml11/DTD/xhtml11.dtd">
<html xmlns="http://www.w3.org/1999/xhtml"><head><title>TestNG Report</title><style type="text/css">table {margin-bottom:10px;border-collapse:collapse;empty-cells:show}th,td {border:1px solid #009;padding:.25em .5em}th {vertical-align:bottom}td {vertical-align:top}table a {font-weight:bold}.stripe td {background-color: #E6EBF9}.num {text-align:right}.passedodd td {background-color: #3F3}.passedeven td {background-color: #0A0}.skippedodd td {background-color: #DDD}.skippedeven td {background-color: #CCC}.failedodd td,.attn {background-color: #F33}.failedeven td,.stripe .attn {background-color: #D00}.stacktrace {white-space:pre;font-family:monospace}.totop {font-size:85%;text-align:center;border-bottom:2px solid #000}</style></head><body><table><tr><th>Test</th><th># Passed</th><th># Skipped</th><th># Failed</th><th>Time (ms)</th><th>Included Groups</th><th>Excluded Groups</th></tr><tr><th colspan="7">POM BDD</th></tr><tr><td><a href="#t0">Web driver University Test</a></td><td class="num">1</td><td class="num">0</td><td class="num attn">1</td><td class="num">33,298</td><td></td><td></td></tr></table><table><thead><tr><th>Class</th><th>Method</th><th>Start</th><th>Time (ms)</th></tr></thead><tbody><tr><th colspan="4">POM BDD</th></tr></tbody><tbody id="t0"><tr><th colspan="4">Web driver University Test &#8212; failed</th></tr><tr class="failedeven"><td rowspan="1">com.runners.MainRunner</td><td><a href="#m0">feature</a></td><td rowspan="1">1536528035405</td><td rowspan="1">23129</td></tr><tr><th colspan="4">Web driver University Test &#8212; passed</th></tr><tr class="passedeven"><td rowspan="1">com.runners.MainRunner</td><td><a href="#m1">feature</a></td><td rowspan="1">1536528025861</td><td rowspan="1">9541</td></tr></tbody></table><h2>Web driver University Test</h2><h3 id="m0">com.runners.MainRunner#feature</h3><table class="result"><tr class="param"><th>Parameter #1</th></tr><tr class="param stripe"><td>Products page</td></tr><tr><th>Exception</th></tr><tr><td><div class="stacktrace">cucumber.runtime.CucumberException: java.lang.AssertionError: Unable to wait and click on the WebElement, using locator: &lt;Proxy element for: DefaultElementLocator &apos;By.xpath: //button[text()=&apos;Proceed&apos;]5&apos;&gt;
	at cucumber.api.testng.TestNGCucumberRunner.runCucumber(TestNGCucumberRunner.java:69)
	at cucumber.api.testng.AbstractTestNGCucumberTests.feature(AbstractTestNGCucumberTests.java:21)
Caused by: java.lang.AssertionError: Unable to wait and click on the WebElement, using locator: &lt;Proxy element for: DefaultElementLocator &apos;By.xpath: //button[text()=&apos;Proceed&apos;]5&apos;&gt;
	at org.junit.Assert.fail(Assert.java:88)
	at pageObject.BasePage.waitAndClickElement(BasePage.java:45)
	at pageObject.ProductsPage.clickonProceedButton_Popup(ProductsPage.java:25)
	at com.stepDefinitions.ProductsSteps.user_should_be_presented_with_promo_code(ProductsSteps.java:27)
	at ?.Then user should be presented with promo code(Products.feature:6)
... Removed 24 stack frames</div></td></tr></table><p class="totop"><a href="#summary">back to summary</a></p><h3 id="m1">com.runners.MainRunner#feature</h3><table class="result"><tr class="param"><th>Parameter #1</th></tr><tr class="param stripe"><td>Submit data to webdriveruniversity.com using contact us form</td></tr></table><p class="totop"><a href="#summary">back to summary</a></p></body></html>